<?xml version="1.0" encoding="UTF-8" ?>

<testsuite failures="0" time="0.001" errors="0" skipped="0" tests="1" name="mapping.TtlTest">
  <testcase classname="mapping.TtlTest" name="testFieldProperties" time="0.001">
      </testcase>
</testsuite>
