<?xml version="1.0" encoding="UTF-8" ?>

<testsuite failures="0" time="0.004" errors="0" skipped="0" tests="1" name="mapping.FieldPropertiesTest">
  <testcase classname="mapping.FieldPropertiesTest" name="testFieldProperties" time="0.004">
      </testcase>
</testsuite>
