<?xml version="1.0" encoding="UTF-8" ?>

<testsuite failures="0" time="0.001" errors="0" skipped="0" tests="1" name="mapping.ElasticSearchIgnoreTest">
  <testcase classname="mapping.ElasticSearchIgnoreTest" name="testModelWithIgnoredFields" time="0.001">
      </testcase>
</testsuite>
